/{	128.92334	16.356094
Fe XXI	128.736
/}
/{	133.16846	28.551328
Fe XXIII	132.831
/}
/{CAT_ID	135.99854	9.9210732
Fe XXII	135.774
Fe XXII	136.016
/}CAT_ID
;/{CAT_ID	117.33350	62.115469
;Fe XXII	117.167
;Fe VIII	117.197
;Fe VIII	116.960
;Fe XXI	117.505
;/}CAT_ID
;/{CAT_ID	118.68115	5.7980543
;Fe XX	118.661
;/}CAT_ID
;/{CAT_ID	122.05029	10.245215
;Fe XX	121.630
;/}CAT_ID
;/{CAT_ID	108.30420	13.904822
;Fe XIX	108.370
;Fe XVIII	108.284
;/}CAT_ID
;/{CAT_ID	94.153809	23.351063
;Fe X	94.0120
;Fe XVIII	93.9230
;/}CAT_ID
;/{CAT_ID	98.466309	32.911718
;Ne VIII	98.2600
;/}CAT_ID
;/{CAT_ID	102.44189	7.6196259
;O VIII	102.467
;/}CAT_ID
